This is pdfTeX, Version 3.141592653-2.6-1.40.27 (TeX Live 2025) (preloaded format=pdflatex 2025.8.28)  21 DEC 2025 16:38
entering extended mode
 restricted \write18 enabled.
 file:line:error style messages enabled.
 %&-line parsing enabled.
**/Users/alan/Repos/Style/LaTeX/main.tex
(/Users/alan/Repos/Style/LaTeX/main.tex
LaTeX2e <2024-11-01> patch level 2
L3 programming layer <2025-01-18>
(./style.cls (/usr/local/texlive/2025/texmf-dist/tex/latex/base/book.cls
Document Class: book 2024/06/29 v1.4n Standard LaTeX document class
(/usr/local/texlive/2025/texmf-dist/tex/latex/base/bk11.clo
File: bk11.clo 2024/06/29 v1.4n Standard LaTeX file (size option)
)
\c@part=\count196
\c@chapter=\count197
\c@section=\count198
\c@subsection=\count199
\c@subsubsection=\count266
\c@paragraph=\count267
\c@subparagraph=\count268
\c@figure=\count269
\c@table=\count270
\abovecaptionskip=\skip49
\belowcaptionskip=\skip50
\bibindent=\dimen141
)
Document Class: style 2025/12/21 0.1.0
(/usr/local/texlive/2025/texmf-dist/tex/latex/base/inputenc.sty
Package: inputenc 2024/02/08 v1.3d Input encoding file
\inpenc@prehook=\toks17
\inpenc@posthook=\toks18
) (/usr/local/texlive/2025/texmf-dist/tex/latex/base/fontenc.sty
Package: fontenc 2021/04/29 v2.0v Standard LaTeX package
) (/usr/local/texlive/2025/texmf-dist/tex/latex/hyperref/hyperref.sty
Package: hyperref 2024-11-05 v7.01l Hypertext links for LaTeX
 (/usr/local/texlive/2025/texmf-dist/tex/generic/iftex/iftex.sty
Package: iftex 2024/12/12 v1.0g TeX engine tests
) (/usr/local/texlive/2025/texmf-dist/tex/latex/graphics/keyval.sty
Package: keyval 2022/05/29 v1.15 key=value parser (DPC)
\KV@toks@=\toks19
) (/usr/local/texlive/2025/texmf-dist/tex/latex/kvsetkeys/kvsetkeys.sty
Package: kvsetkeys 2022-10-05 v1.19 Key value parser (HO)
) (/usr/local/texlive/2025/texmf-dist/tex/generic/kvdefinekeys/kvdefinekeys.sty
Package: kvdefinekeys 2019-12-19 v1.6 Define keys (HO)
) (/usr/local/texlive/2025/texmf-dist/tex/generic/pdfescape/pdfescape.sty
Package: pdfescape 2019/12/09 v1.15 Implements pdfTeX's escape features (HO)
 (/usr/local/texlive/2025/texmf-dist/tex/generic/ltxcmds/ltxcmds.sty
Package: ltxcmds 2023-12-04 v1.26 LaTeX kernel commands for general use (HO)
) (/usr/local/texlive/2025/texmf-dist/tex/generic/pdftexcmds/pdftexcmds.sty
Package: pdftexcmds 2020-06-27 v0.33 Utility functions of pdfTeX for LuaTeX (HO)
 (/usr/local/texlive/2025/texmf-dist/tex/generic/infwarerr/infwarerr.sty
Package: infwarerr 2019/12/03 v1.5 Providing info/warning/error messages (HO)
)
Package pdftexcmds Info: \pdf@primitive is available.
Package pdftexcmds Info: \pdf@ifprimitive is available.
Package pdftexcmds Info: \pdfdraftmode found.
)) (/usr/local/texlive/2025/texmf-dist/tex/latex/hycolor/hycolor.sty
Package: hycolor 2020-01-27 v1.10 Color options for hyperref/bookmark (HO)
) (/usr/local/texlive/2025/texmf-dist/tex/latex/hyperref/nameref.sty
Package: nameref 2023-11-26 v2.56 Cross-referencing by name of section
 (/usr/local/texlive/2025/texmf-dist/tex/latex/refcount/refcount.sty
Package: refcount 2019/12/15 v3.6 Data extraction from label references (HO)
) (/usr/local/texlive/2025/texmf-dist/tex/generic/gettitlestring/gettitlestring.sty
Package: gettitlestring 2019/12/15 v1.6 Cleanup title references (HO)
 (/usr/local/texlive/2025/texmf-dist/tex/latex/kvoptions/kvoptions.sty
Package: kvoptions 2022-06-15 v3.15 Key value format for package options (HO)
))
\c@section@level=\count271
) (/usr/local/texlive/2025/texmf-dist/tex/latex/etoolbox/etoolbox.sty
Package: etoolbox 2025/02/11 v2.5l e-TeX tools for LaTeX (JAW)
\etb@tempcnta=\count272
) (/usr/local/texlive/2025/texmf-dist/tex/generic/stringenc/stringenc.sty
Package: stringenc 2019/11/29 v1.12 Convert strings between diff. encodings (HO)
)
\@linkdim=\dimen142
\Hy@linkcounter=\count273
\Hy@pagecounter=\count274
 (/usr/local/texlive/2025/texmf-dist/tex/latex/hyperref/pd1enc.def
File: pd1enc.def 2024-11-05 v7.01l Hyperref: PDFDocEncoding definition (HO)
Now handling font encoding PD1 ...
... no UTF-8 mapping file for font encoding PD1
) (/usr/local/texlive/2025/texmf-dist/tex/generic/intcalc/intcalc.sty
Package: intcalc 2019/12/15 v1.3 Expandable calculations with integers (HO)
)
\Hy@SavedSpaceFactor=\count275
 (/usr/local/texlive/2025/texmf-dist/tex/latex/hyperref/puenc.def
File: puenc.def 2024-11-05 v7.01l Hyperref: PDF Unicode definition (HO)
Now handling font encoding PU ...
... no UTF-8 mapping file for font encoding PU
)
Package hyperref Info: Hyper figures OFF on input line 4157.
Package hyperref Info: Link nesting OFF on input line 4162.
Package hyperref Info: Hyper index ON on input line 4165.
Package hyperref Info: Plain pages OFF on input line 4172.
Package hyperref Info: Backreferencing OFF on input line 4177.
Package hyperref Info: Implicit mode ON; LaTeX internals redefined.
Package hyperref Info: Bookmarks ON on input line 4424.
\c@Hy@tempcnt=\count276
 (/usr/local/texlive/2025/texmf-dist/tex/latex/url/url.sty
\Urlmuskip=\muskip17
Package: url 2013/09/16  ver 3.4  Verb mode for urls, etc.
)
LaTeX Info: Redefining \url on input line 4763.
\XeTeXLinkMargin=\dimen143
 (/usr/local/texlive/2025/texmf-dist/tex/generic/bitset/bitset.sty
Package: bitset 2019/12/09 v1.3 Handle bit-vector datatype (HO)
 (/usr/local/texlive/2025/texmf-dist/tex/generic/bigintcalc/bigintcalc.sty
Package: bigintcalc 2019/12/15 v1.5 Expandable calculations on big integers (HO)
))
\Fld@menulength=\count277
\Field@Width=\dimen144
\Fld@charsize=\dimen145
Package hyperref Info: Hyper figures OFF on input line 6042.
Package hyperref Info: Link nesting OFF on input line 6047.
Package hyperref Info: Hyper index ON on input line 6050.
Package hyperref Info: backreferencing OFF on input line 6057.
Package hyperref Info: Link coloring OFF on input line 6062.
Package hyperref Info: Link coloring with OCG OFF on input line 6067.
Package hyperref Info: PDF/A mode OFF on input line 6072.
 (/usr/local/texlive/2025/texmf-dist/tex/latex/base/atbegshi-ltx.sty
Package: atbegshi-ltx 2021/01/10 v1.0c Emulation of the original atbegshi
package with kernel methods
)
\Hy@abspage=\count278
\c@Item=\count279
\c@Hfootnote=\count280
)
Package hyperref Info: Driver (autodetected): hpdftex.
 (/usr/local/texlive/2025/texmf-dist/tex/latex/hyperref/hpdftex.def
File: hpdftex.def 2024-11-05 v7.01l Hyperref driver for pdfTeX
 (/usr/local/texlive/2025/texmf-dist/tex/latex/base/atveryend-ltx.sty
Package: atveryend-ltx 2020/08/19 v1.0a Emulation of the original atveryend package
with kernel methods
)
\Fld@listcount=\count281
\c@bookmark@seq@number=\count282
 (/usr/local/texlive/2025/texmf-dist/tex/latex/rerunfilecheck/rerunfilecheck.sty
Package: rerunfilecheck 2022-07-10 v1.10 Rerun checks for auxiliary files (HO)
 (/usr/local/texlive/2025/texmf-dist/tex/generic/uniquecounter/uniquecounter.sty
Package: uniquecounter 2019/12/15 v1.4 Provide unlimited unique counter (HO)
)
Package uniquecounter Info: New unique counter `rerunfilecheck' on input line 285.
)
\Hy@SectionHShift=\skip51
) (/usr/local/texlive/2025/texmf-dist/tex/latex/graphics/graphicx.sty
Package: graphicx 2021/09/16 v1.2d Enhanced LaTeX Graphics (DPC,SPQR)
 (/usr/local/texlive/2025/texmf-dist/tex/latex/graphics/graphics.sty
Package: graphics 2024/08/06 v1.4g Standard LaTeX Graphics (DPC,SPQR)
 (/usr/local/texlive/2025/texmf-dist/tex/latex/graphics/trig.sty
Package: trig 2023/12/02 v1.11 sin cos tan (DPC)
) (/usr/local/texlive/2025/texmf-dist/tex/latex/graphics-cfg/graphics.cfg
File: graphics.cfg 2016/06/04 v1.11 sample graphics configuration
)
Package graphics Info: Driver file: pdftex.def on input line 106.
 (/usr/local/texlive/2025/texmf-dist/tex/latex/graphics-def/pdftex.def
File: pdftex.def 2024/04/13 v1.2c Graphics/color driver for pdftex
))
\Gin@req@height=\dimen146
\Gin@req@width=\dimen147
) (/usr/local/texlive/2025/texmf-dist/tex/latex/tools/longtable.sty
Package: longtable 2024-10-27 v4.22 Multi-page Table package (DPC)
\LTleft=\skip52
\LTright=\skip53
\LTpre=\skip54
\LTpost=\skip55
\LTchunksize=\count283
\LTcapwidth=\dimen148
\LT@head=\box52
\LT@firsthead=\box53
\LT@foot=\box54
\LT@lastfoot=\box55
\LT@gbox=\box56
\LT@cols=\count284
\LT@rows=\count285
\c@LT@tables=\count286
\c@LT@chunks=\count287
\LT@p@ftn=\toks20
) (/usr/local/texlive/2025/texmf-dist/tex/latex/booktabs/booktabs.sty
Package: booktabs 2020/01/12 v1.61803398 Publication quality tables
\heavyrulewidth=\dimen149
\lightrulewidth=\dimen150
\cmidrulewidth=\dimen151
\belowrulesep=\dimen152
\belowbottomsep=\dimen153
\aboverulesep=\dimen154
\abovetopsep=\dimen155
\cmidrulesep=\dimen156
\cmidrulekern=\dimen157
\defaultaddspace=\dimen158
\@cmidla=\count288
\@cmidlb=\count289
\@aboverulesep=\dimen159
\@belowrulesep=\dimen160
\@thisruleclass=\count290
\@lastruleclass=\count291
\@thisrulewidth=\dimen161
) (/usr/local/texlive/2025/texmf-dist/tex/generic/babel/babel.sty
Package: babel 2025/02/14 v25.4 The multilingual framework for pdfLaTeX, LuaLaTeX and XeLaTeX
\babel@savecnt=\count292
\U@D=\dimen162
\l@unhyphenated=\language90
 (/usr/local/texlive/2025/texmf-dist/tex/generic/babel/txtbabel.def)
\bbl@readstream=\read2
\bbl@dirlevel=\count293
 (/usr/local/texlive/2025/texmf-dist/tex/generic/babel-breton/breton.ldf
Language: breton 2005/03/29 v1.0h Breton support from the babel system


Package babel Warning: No hyphenation patterns were preloaded for
(babel)                the language 'Breton' into the format.
(babel)                Please, configure your TeX system to add them and
(babel)                rebuild the format. Now I will use the patterns
(babel)                preloaded for \language=0 instead on input line 52.

Package babel Info: Hyphen rules for 'breton' set to \l@english
(babel)             (\language0). Reported on input line 53.
Package babel Info: Making : an active character on input line 83.
Package babel Info: Making ; an active character on input line 84.
Package babel Info: Making ! an active character on input line 85.
Package babel Info: Making ? an active character on input line 86.
)) (/usr/local/texlive/2025/texmf-dist/tex/generic/babel/locale/br/babel-breton.tex
Package babel Info: Importing font and identification data for breton
(babel)             from babel-br.ini. Reported on input line 11.


Package babel Warning: From babel-br.ini:
(babel)                The `breton' date format may not be suitable
(babel)                for proper typesetting, and therefore very likely
(babel)                it will change in a future release.
(babel)                Reported  on input line 11.

)
\c@subchapterusage=\count294
) (/usr/local/texlive/2025/texmf-dist/tex/latex/l3backend/l3backend-pdftex.def
File: l3backend-pdftex.def 2024-05-08 L3 backend support: PDF output (pdfTeX)
\l__color_backend_stack_int=\count295
\l__pdf_internal_box=\box57
)
No file main.aux.
\openout1 = `main.aux'.

LaTeX Font Info:    Checking defaults for OML/cmm/m/it on input line 8.
LaTeX Font Info:    ... okay on input line 8.
LaTeX Font Info:    Checking defaults for OMS/cmsy/m/n on input line 8.
LaTeX Font Info:    ... okay on input line 8.
LaTeX Font Info:    Checking defaults for OT1/cmr/m/n on input line 8.
LaTeX Font Info:    ... okay on input line 8.
LaTeX Font Info:    Checking defaults for T1/cmr/m/n on input line 8.
LaTeX Font Info:    ... okay on input line 8.
LaTeX Font Info:    Checking defaults for TS1/cmr/m/n on input line 8.
LaTeX Font Info:    ... okay on input line 8.
LaTeX Font Info:    Checking defaults for OMX/cmex/m/n on input line 8.
LaTeX Font Info:    ... okay on input line 8.
LaTeX Font Info:    Checking defaults for U/cmr/m/n on input line 8.
LaTeX Font Info:    ... okay on input line 8.
LaTeX Font Info:    Checking defaults for PD1/pdf/m/n on input line 8.
LaTeX Font Info:    ... okay on input line 8.
LaTeX Font Info:    Checking defaults for PU/pdf/m/n on input line 8.
LaTeX Font Info:    ... okay on input line 8.
Package hyperref Info: Link coloring OFF on input line 8.
\@outlinefile=\write3
\openout3 = `main.out'.

(/usr/local/texlive/2025/texmf-dist/tex/context/base/mkii/supp-pdf.mkii
[Loading MPS to PDF converter (version 2006.09.02).]
\scratchcounter=\count296
\scratchdimen=\dimen163
\scratchbox=\box58
\nofMPsegments=\count297
\nofMParguments=\count298
\everyMPshowfont=\toks21
\MPscratchCnt=\count299
\MPscratchDim=\dimen164
\MPnumerator=\count300
\makeMPintoPDFobject=\count301
\everyMPtoPDFconversion=\toks22
) (/usr/local/texlive/2025/texmf-dist/tex/latex/epstopdf-pkg/epstopdf-base.sty
Package: epstopdf-base 2020-01-24 v2.11 Base part for package epstopdf
 (/usr/local/texlive/2025/texmf-dist/tex/latex/grfext/grfext.sty
Package: grfext 2019/12/03 v1.3 Manage graphics extensions (HO)
)
Package epstopdf-base Info: Redefining graphics rule for `.eps' on input line 485.
Package grfext Info: Graphics extension search list:
(grfext)             [.pdf,.png,.jpg,.mps,.jpeg,.jbig2,.jb2,.PDF,.PNG,.JPG,.JPEG,.JBIG2,.JB2,.eps]
(grfext)             \AppendGraphicsExtensions on input line 504.
 (/usr/local/texlive/2025/texmf-dist/tex/latex/latexconfig/epstopdf-sys.cfg
File: epstopdf-sys.cfg 2010/07/13 v1.3 Configuration of (r)epstopdf for TeX Live
))
LaTeX Font Info:    External font `cmex10' loaded for size
(Font)              <12> on input line 11.
LaTeX Font Info:    External font `cmex10' loaded for size
(Font)              <8> on input line 11.
LaTeX Font Info:    External font `cmex10' loaded for size
(Font)              <6> on input line 11.


[1


{/usr/local/texlive/2025/texmf-var/fonts/map/pdftex/updmap/pdftex.map}{/usr/local/texlive/2025/texmf-dist/fonts/enc/dvips/cm-super/cm-super-t1.enc}]

[2

]
No file main.toc.
\tf@toc=\write4
\openout4 = `main.toc'.



[3]

[4

]
\openout2 = `chapters/Digoradur.aux'.

 (./chapters/Digoradur.tex
Pennad 1.
)

[5


]
\openout2 = `chapters/Trugarekadenno√π.aux'.

 (./chapters/Trugarekadenno√π.tex

[6




]
Pennad 1.1.

Overfull \hbox (7.93925pt too wide) in paragraph at lines 19--23
[]\T1/cmr/m/n/10.95 Myriam Guille-vic, hag a oa ivez e-touez ma c'hentaÒ ke-len-ner-ien brezhoneg.
 []



[7])

[8]
\openout2 = `chapters/Kinnig_ar_raktres.aux'.

 (./chapters/Kinnig_ar_raktres.tex
Pennad 1.2.


[9




])

[10]
\openout2 = `chapters/Pr√©sentation_du_projet_en_fran√ßais.aux'.

 (./chapters/Pr√©sentation_du_projet_en_fran√ßais.tex
Pennad 1.3.


[11




]
Overfull \hbox (15.55598pt too wide) in paragraph at lines 55--59
\T1/cmr/m/n/10.95 com-mu-nautÈ par-lante d'une langue en haut dan-ger d'extinction selon l'UNESCO
 []



[12])

[13]
\openout2 = `chapters/Project_presentation_in_English.aux'.

 (./chapters/Project_presentation_in_English.tex

[14




]
Pennad 1.4.

Package hyperref Warning: Difference (2) between bookmark levels is greater 
(hyperref)                than one, level fixed on input line 4.


Overfull \hbox (3.31358pt too wide) in paragraph at lines 17--30
[]\T1/cmr/m/n/10.95 The project con-sists in cre-at-ing a stylis-tic re-source for the Breton-speaking
 []



[15]

[16])

[17]
\openout2 = `chapters/Studi_ar_stil_dre_ge√±verian_ha_meizado√π_diazez_an_droidigezh.aux'.

 (./chapters/Studi_ar_stil_dre_ge√±verian_ha_meizado√π_diazez_an_droidigezh.tex

[18




]
Pennad 1.5.

Package hyperref Warning: Difference (2) between bookmark levels is greater 
(hyperref)                than one, level fixed on input line 5.



[19]
./chapters/Studi_ar_stil_dre_ge√±verian_ha_meizado√π_diazez_an_droidigezh.tex:51: Undefined control sequence.
l.51 \tightlist
               
The control sequence at the end of the top line
of your error message was never \def'ed. If you have
misspelled it (e.g., `\hobx'), type `I' and the correct
spelling (e.g., `I\hbox'). Otherwise just continue,
and I'll forget about whatever was undefined.




Overfull \hbox (117.54047pt too wide) has occurred while \output is active
\T1/cmr/m/n/10.95 20 \T1/cmr/m/sl/10.95 PENNAD 1.5.  STUDI AR STIL DRE GE—VERIAN HA MEIZADOŸ DIAZEZ AN DROIDIGEZH
 []

[20{/usr/local/texlive/2025/texmf-dist/fonts/enc/dvips/cm-super/cm-super-ts1.enc}]

[21]
./chapters/Studi_ar_stil_dre_ge√±verian_ha_meizado√π_diazez_an_droidigezh.tex:234: Undefined control sequence.
l.234 \tightlist
                
The control sequence at the end of the top line
of your error message was never \def'ed. If you have
misspelled it (e.g., `\hobx'), type `I' and the correct
spelling (e.g., `I\hbox'). Otherwise just continue,
and I'll forget about whatever was undefined.

)


Overfull \hbox (117.54047pt too wide) has occurred while \output is active
\T1/cmr/m/n/10.95 22 \T1/cmr/m/sl/10.95 PENNAD 1.5.  STUDI AR STIL DRE GE—VERIAN HA MEIZADOŸ DIAZEZ AN DROIDIGEZH
 []

[22]
\openout2 = `chapters/Ostilho√π_stil_tekniko√π_trei√±.aux'.

 (./chapters/Ostilho√π_stil_tekniko√π_trei√±.tex
Pennad 1.6.

Overfull \hbox (104.33313pt too wide) in alignment at lines 19--35
 [] [] [] 
 []


Package longtable Warning: Column widths have changed
(longtable)                in table 1.6.1 on input line 35.



[23




]
./chapters/Ostilho√π_stil_tekniko√π_trei√±.tex:109: Undefined control sequence.
l.109 \tightlist
                
The control sequence at the end of the top line
of your error message was never \def'ed. If you have
misspelled it (e.g., `\hobx'), type `I' and the correct
spelling (e.g., `I\hbox'). Otherwise just continue,
and I'll forget about whatever was undefined.



[24]
./chapters/Ostilho√π_stil_tekniko√π_trei√±.tex:139: Undefined control sequence.
l.139 \tightlist
                
The control sequence at the end of the top line
of your error message was never \def'ed. If you have
misspelled it (e.g., `\hobx'), type `I' and the correct
spelling (e.g., `I\hbox'). Otherwise just continue,
and I'll forget about whatever was undefined.



[25]

[26]

[27]
Overfull \hbox (2.22566pt too wide) in paragraph at lines 372--375
[]\T1/cmr/m/n/10.95 "N'eo ket gwelet mat ar Mabichigo˘ MareoÒ, en ti-maÒ", a vousc'hoarzhas
 []


Overfull \hbox (0.81339pt too wide) in paragraph at lines 389--391
[]\T1/cmr/m/n/10.95 Ouzhpenn ar strate-giezhio˘ treiÒ di-azez kin-niget gant Dar-bel-net ha Vinay
 []



[28]

[29])

[30]
\openout2 = `chapters/Rummado√π_gerio√π.aux'.

 (./chapters/Rummado√π_gerio√π.tex
pdfTeX warning (ext4): destination with the same identifier (name{chapter.1.2}) has been already used, duplicate ignored
<to be read again> 
                   \relax 
l.1 \chapter{Rummado√π gerio√π}
                               
Pennad 2.
)

[31




]
\openout2 = `chapters/Araogenno√π.aux'.

 (./chapters/Araogenno√π.tex

[32




]
pdfTeX warning (ext4): destination with the same identifier (name{chapter.1.3}) has been already used, duplicate ignored
<to be read again> 
                   \relax 
l.1 \chapter{Araogenno√π}
                         
Pennad 3.

pdfTeX warning (ext4): destination with the same identifier (name{section.1.3.1}) has been already used, duplicate ignored
<to be read again> 
                   \relax 
l.2 \section{Digoradur}
                       \label{Digoradur}

[33]

[34]
pdfTeX warning (ext4): destination with the same identifier (name{section.1.3.2}) has been already used, duplicate ignored
<to be read again> 
                   \relax 
l.166 araogenn}{Stagello√π araogenn}}
                                     \label{Stagellouxf9_araogenn}

[35]
pdfTeX warning (ext4): destination with the same identifier (name{section.1.3.3}) has been already used, duplicate ignored
<to be read again> 
                   \relax 
l.242 gudenn}{Da lenn pelloc'h war ar gudenn}}
                                              \label{Da_lenn_pellocux27h_war...
./chapters/Araogenno√π.tex:250: Undefined control sequence.
l.250 \tightlist
                
The control sequence at the end of the top line
of your error message was never \def'ed. If you have
misspelled it (e.g., `\hobx'), type `I' and the correct
spelling (e.g., `I\hbox'). Otherwise just continue,
and I'll forget about whatever was undefined.



[36])

[37]
\openout2 = `chapters/Anvio√π_gwan.aux'.

 (./chapters/Anvio√π_gwan.tex

[38




]
pdfTeX warning (ext4): destination with the same identifier (name{chapter.1.4}) has been already used, duplicate ignored
<to be read again> 
                   \relax 
l.1 \chapter{Anvio√π-gwan}
                          
Pennad 4.

pdfTeX warning (ext4): destination with the same identifier (name{subsection.1.4.0.1}) has been already used, duplicate ignored
<to be read again> 
                   \relax 
l.16 \subsection{Plas an anv-gwan}
                                  \label{Plas_an_anv-gwan}

Package hyperref Warning: Difference (2) between bookmark levels is greater 
(hyperref)                than one, level fixed on input line 16.

./chapters/Anvio√π_gwan.tex:44: Undefined control sequence.
l.44 \tightlist
               
The control sequence at the end of the top line
of your error message was never \def'ed. If you have
misspelled it (e.g., `\hobx'), type `I' and the correct
spelling (e.g., `I\hbox'). Otherwise just continue,
and I'll forget about whatever was undefined.


Overfull \hbox (3.24112pt too wide) in paragraph at lines 46--49
[]\T1/cmr/m/n/10.95 nivero˘ pege-men-tiÒ, nivero˘ petvediÒ ha nivero˘ kevren-naÒ evel \T1/cmr/m/it/10.95 hanter\T1/cmr/m/n/10.95 ; 
 []



[39]
Overfull \hbox (2.71979pt too wide) in paragraph at lines 67--71
[]\T1/cmr/m/n/10.95 Hervez []Kervella (1995, 88)[], an anvio˘-gwan doareaÒ en derez-plaen (gwall,
 []


pdfTeX warning (ext4): destination with the same identifier (name{subsection.1.4.0.2}) has been already used, duplicate ignored
<to be read again> 
                   \relax 
l.87 ...'he√±veriadur gant anvio√π-gwan-doarea√±}}
                                                  \label{Eztaoler_ur_cux27he...
Overfull \hbox (26.92761pt too wide) in paragraph at lines 91--94
[]\T1/cmr/m/n/10.95 An anvio˘-gwan-doareaÒ a c'haller im-pli-jout ivez evit ez-taoler ur c'heÒveriadur,
 []


pdfTeX warning (ext4): destination with the same identifier (name{subsection.1.4.0.3}) has been already used, duplicate ignored
<to be read again> 
                   \relax 
l.109 heul}
           \label{Anv-gwan_hep_anv_ouzh_e_heul}

[40])

[41]
\openout2 = `chapters/Doareerien_perchenna√±.aux'.

 (./chapters/Doareerien_perchenna√±.tex

[42




]
pdfTeX warning (ext4): destination with the same identifier (name{chapter.1.5}) has been already used, duplicate ignored
<to be read again> 
                   \relax 
l.1 \chapter{Doareerien perc'henna√±}
                                     
Pennad 5.


[43]

[44]
Overfull \hbox (3.61235pt too wide) in paragraph at lines 147--147
[][]\T1/cmr/bx/n/12 Doareerien perc'hennaÒ im-pli-jet e brezhoneg pa gomzer
 []

)

[45]
\openout2 = `chapters/Treuzkas_mennozh_an_dalch_e_brezhoneg.aux'.

 (./chapters/Treuzkas_mennozh_an_dalch_e_brezhoneg.tex

[46




]
pdfTeX warning (ext4): destination with the same identifier (name{chapter.1.6}) has been already used, duplicate ignored
<to be read again> 
                   \relax 
l.1 ...ter{Treuzkas mennozh an dalc'h e brezhoneg}
                                                  
Pennad 6.

Package hyperref Warning: Difference (2) between bookmark levels is greater 
(hyperref)                than one, level fixed on input line 5.



[47])

[48]
\openout2 = `chapters/Morfemo√π.aux'.

 (./chapters/Morfemo√π.tex
Pennad 7.
)

[49




]
\openout2 = `chapters/Lostgerio√π.aux'.

 (./chapters/Lostgerio√π.tex

[50




]
Pennad 8.
./chapters/Lostgerio√π.tex:13: Undefined control sequence.
l.13 \tightlist
               
The control sequence at the end of the top line
of your error message was never \def'ed. If you have
misspelled it (e.g., `\hobx'), type `I' and the correct
spelling (e.g., `I\hbox'). Otherwise just continue,
and I'll forget about whatever was undefined.



[51]

[52])

[53]
\openout2 = `chapters/Stummo√π_verbel_amzer_doare_tu_stumm.aux'.

 (./chapters/Stummo√π_verbel_amzer_doare_tu_stumm.tex

[54




]
Pennad 9.
)

[55]
\openout2 = `chapters/Amzer.aux'.

 (./chapters/Amzer.tex

[56




]
Pennad 10.

Package hyperref Warning: Difference (2) between bookmark levels is greater 
(hyperref)                than one, level fixed on input line 5.



[57])

[58]
\openout2 = `chapters/Doare.aux'.

 (./chapters/Doare.tex
Pennad 11.

Package hyperref Warning: Difference (2) between bookmark levels is greater 
(hyperref)                than one, level fixed on input line 2.


Overfull \hbox (11.52753pt too wide) in paragraph at lines 34--40
[]\T1/cmr/m/n/10.95 N'eus ket a sub-jonk-tif e brezhoneg. Doareo˘ disheÒvel a im-pli-jer e brezhoneg
 []



[59




]
Overfull \hbox (19.58699pt too wide) in paragraph at lines 79--79
[][]\T1/cmr/bx/n/10.95 Talvoudegezh ar sub-jonk-tif de-gaset gant an doare-divizout e brezhoneg 
 []



[60])

[61]
\openout2 = `chapters/Tu_gra_tu_gouza√±v.aux'.

 (./chapters/Tu_gra_tu_gouza√±v.tex

[62




]
Pennad 12.


[63])

[64]
\openout2 = `chapters/Stumm_kadarn_nach_goulennata_estlamma√±.aux'.

 (./chapters/Stumm_kadarn_nach_goulennata_estlamma√±.tex
Pennad 13.

Package hyperref Warning: Difference (2) between bookmark levels is greater 
(hyperref)                than one, level fixed on input line 2.



[65




])


Overfull \hbox (15.12079pt too wide) has occurred while \output is active
\T1/cmr/m/n/10.95 66 \T1/cmr/m/sl/10.95 PENNAD 13.  STUMM KADARN, NAC'H, GOULENNATA, ESTLAMMA—
 []

[66]
\openout2 = `chapters/Stummo√π_verbel_all.aux'.

 (./chapters/Stummo√π_verbel_all.tex
Pennad 14.

Package hyperref Warning: Difference (2) between bookmark levels is greater 
(hyperref)                than one, level fixed on input line 5.


Overfull \hbox (17.85896pt too wide) in paragraph at lines 23--23
[]\T1/cmr/bx/n/12 Stumm-ober gallek troet gant un anv-kadarn e brezhoneg 
 []



[67




])

[68]
\openout2 = `chapters/Kre√±vder_ar_ster.aux'.

 (./chapters/Kre√±vder_ar_ster.tex
Pennad 15.
)

[69




]
\openout2 = `chapters/Verbo√π_ha_stummo√π_damskoazella√±_e_brezhoneg.aux'.

 (./chapters/Verbo√π_ha_stummo√π_damskoazella√±_e_brezhoneg.tex

[70




]
Pennad 16.

Package hyperref Warning: Difference (2) between bookmark levels is greater 
(hyperref)                than one, level fixed on input line 5.


Overfull \hbox (0.86252pt too wide) in paragraph at lines 24--41
[]\T1/cmr/m/n/10.95 Hervez []Jouit-teau[] e vez ez-tao-let gant stum-mo˘ damskoazel-laÒ men-nozhio˘
 []



[71]


Overfull \hbox (33.5587pt too wide) has occurred while \output is active
\T1/cmr/m/n/10.95 72 \T1/cmr/m/sl/10.95 PENNAD 16.  VERBOŸ HA STUMMOŸ DAMSKOAZELLA— E BREZHONEG
 []

[72]

[73]
Overfull \hbox (30.1705pt too wide) in paragraph at lines 263--267
[]\T1/cmr/m/n/10.95 Quand il s'Èloigna, le fils Boulch n'estimait pas moins son recteur qu'auparavant,
 []


Overfull \hbox (2.73882pt too wide) in paragraph at lines 263--267
\T1/cmr/m/n/10.95 il rÈflÈchis-sait nÈan-moins qu'il se ren-con-trait avec une ques-tion du catÈchisme:
 []




Overfull \hbox (33.5587pt too wide) has occurred while \output is active
\T1/cmr/m/n/10.95 74 \T1/cmr/m/sl/10.95 PENNAD 16.  VERBOŸ HA STUMMOŸ DAMSKOAZELLA— E BREZHONEG
 []

[74]

[75]


Overfull \hbox (33.5587pt too wide) has occurred while \output is active
\T1/cmr/m/n/10.95 76 \T1/cmr/m/sl/10.95 PENNAD 16.  VERBOŸ HA STUMMOŸ DAMSKOAZELLA— E BREZHONEG
 []

[76]

[77]
Overfull \hbox (7.16362pt too wide) in paragraph at lines 529--533
\T1/cmr/m/n/10.95 boutin. Pa vez liammet gant ar gop-u-lenn, e teu da vezaÒ ur stumm damskoazel-
 []

)


Overfull \hbox (33.5587pt too wide) has occurred while \output is active
\T1/cmr/m/n/10.95 78 \T1/cmr/m/sl/10.95 PENNAD 16.  VERBOŸ HA STUMMOŸ DAMSKOAZELLA— E BREZHONEG
 []

[78]
\openout2 = `chapters/Ar_frazenn.aux'.

 (./chapters/Ar_frazenn.tex
Pennad 17.
)

[79




]
\openout2 = `chapters/Ar_fokus.aux'.

 (./chapters/Ar_fokus.tex

[80




]
Pennad 18.

Package hyperref Warning: Difference (2) between bookmark levels is greater 
(hyperref)                than one, level fixed on input line 6.


Overfull \hbox (1.85233pt too wide) in paragraph at lines 44--48
[]\T1/cmr/m/n/10.95 Personne, ce jour-l‡, n'a ren-con-trÈ Yvinec et, si l'on de-mande aux pÍcheurs
 []



[81]

[82]

[83])

[84]
\openout2 = `chapters/Stummo√π_a_rener_faos.aux'.

 (./chapters/Stummo√π_a_rener_faos.tex
Pennad 19.

Overfull \hbox (17.78676pt too wide) in paragraph at lines 26--26
[][]\T1/cmr/bx/n/12 Implijo˘ a stum-mo˘ a rener faos en droidi-gezh vrezhonek 
 []



[85




])

[86]
\openout2 = `chapters/Frazenn_gemplezh.aux'.

 (./chapters/Frazenn_gemplezh.tex
Pennad 20.

Package hyperref Warning: Difference (2) between bookmark levels is greater 
(hyperref)                than one, level fixed on input line 5.

)

[87




]
\openout2 = `chapters/Indekso√π.aux'.

 (./chapters/Indekso√π.tex

[88




]
Pennad 21.
)

[89]
\openout2 = `chapters/Levrlennadurezh.aux'.

 (./chapters/Levrlennadurezh.tex

[90




]
Pennad 22.

Overfull \hbox (5.7972pt too wide) in paragraph at lines 16--19
[]\T1/cmr/m/n/10.95 Darbelnet, Jean & Vinay, Jean-Paul. 1993. \T1/cmr/m/it/10.95 Stylis-tique com-parÈe du franÁais
 []

LaTeX Font Info:    External font `cmex10' loaded for size
(Font)              <10.95> on input line 55.


[91])

[92]

[93]
\openout2 = `chapters/RummadGeriaoueg.aux'.

 (./chapters/RummadGeriaoueg.tex

[94




]
Pennad 23.
)

[95]
\openout2 = `chapters/RummadPennado√π.aux'.

 (./chapters/RummadPennado√π.tex

[96




]
Pennad 24.
)

[97]
\openout2 = `chapters/RummadKorpus_fr_br.aux'.

 (./chapters/RummadKorpus_fr_br.tex

[98




]
Pennad 25.
)

[99]
\openout2 = `chapters/RummadKorpus_br_fr.aux'.

 (./chapters/RummadKorpus_br_fr.tex

[100




]
Pennad 26.
)

[101]

Package longtable Warning: Table widths have changed. Rerun LaTeX.

(./main.aux (./chapters/Digoradur.aux) (./chapters/Trugarekadenno√π.aux) (./chapters/Kinnig_ar_raktres.aux) (./chapters/Pr√©sentation_du_projet_en_fran√ßais.aux) (./chapters/Project_presentation_in_English.aux) (./chapters/Studi_ar_stil_dre_ge√±verian_ha_meizado√π_diazez_an_droidigezh.aux) (./chapters/Ostilho√π_stil_tekniko√π_trei√±.aux) (./chapters/Rummado√π_gerio√π.aux) (./chapters/Araogenno√π.aux) (./chapters/Anvio√π_gwan.aux) (./chapters/Doareerien_perchenna√±.aux) (./chapters/Treuzkas_mennozh_an_dalch_e_brezhoneg.aux) (./chapters/Morfemo√π.aux) (./chapters/Lostgerio√π.aux) (./chapters/Stummo√π_verbel_amzer_doare_tu_stumm.aux) (./chapters/Amzer.aux) (./chapters/Doare.aux) (./chapters/Tu_gra_tu_gouza√±v.aux) (./chapters/Stumm_kadarn_nach_goulennata_estlamma√±.aux) (./chapters/Stummo√π_verbel_all.aux) (./chapters/Kre√±vder_ar_ster.aux) (./chapters/Verbo√π_ha_stummo√π_damskoazella√±_e_brezhoneg.aux) (./chapters/Ar_frazenn.aux) (./chapters/Ar_fokus.aux) (./chapters/Stummo√π_a_rener_faos.aux) (./chapters/Frazenn_gemplezh.aux) (./chapters/Indekso√π.aux) (./chapters/Levrlennadurezh.aux) (./chapters/RummadGeriaoueg.aux) (./chapters/RummadPennado√π.aux) (./chapters/RummadKorpus_fr_br.aux) (./chapters/RummadKorpus_br_fr.aux))
 ***********
LaTeX2e <2024-11-01> patch level 2
L3 programming layer <2025-01-18>
 ***********


LaTeX Warning: Label(s) may have changed. Rerun to get cross-references right.


Package rerunfilecheck Warning: File `main.out' has changed.
(rerunfilecheck)                Rerun to get outlines right
(rerunfilecheck)                or use package `bookmark'.

Package rerunfilecheck Info: Checksums for `main.out':
(rerunfilecheck)             Before: <no file>
(rerunfilecheck)             After:  199CFFBD712F065502681BC98EC4480E;22968.
 ) 
Here is how much of TeX's memory you used:
 11253 strings out of 473190
 201855 string characters out of 5715800
 565918 words of memory out of 5000000
 33908 multiletter control sequences out of 15000+600000
 574558 words of font info for 65 fonts, out of 8000000 for 9000
 1141 hyphenation exceptions out of 8191
 90i,6n,93p,553b,518s stack positions out of 10000i,1000n,20000p,200000b,200000s
</usr/local/texlive/2025/texmf-dist/fonts/type1/public/cm-super/sfbi1095.pfb></usr/local/texlive/2025/texmf-dist/fonts/type1/public/cm-super/sfbi1200.pfb></usr/local/texlive/2025/texmf-dist/fonts/type1/public/cm-super/sfbx1095.pfb></usr/local/texlive/2025/texmf-dist/fonts/type1/public/cm-super/sfbx1200.pfb></usr/local/texlive/2025/texmf-dist/fonts/type1/public/cm-super/sfbx1440.pfb></usr/local/texlive/2025/texmf-dist/fonts/type1/public/cm-super/sfbx2074.pfb></usr/local/texlive/2025/texmf-dist/fonts/type1/public/cm-super/sfbx2488.pfb></usr/local/texlive/2025/texmf-dist/fonts/type1/public/cm-super/sfrm1095.pfb></usr/local/texlive/2025/texmf-dist/fonts/type1/public/cm-super/sfrm1200.pfb></usr/local/texlive/2025/texmf-dist/fonts/type1/public/cm-super/sfrm1728.pfb></usr/local/texlive/2025/texmf-dist/fonts/type1/public/cm-super/sfsl1095.pfb></usr/local/texlive/2025/texmf-dist/fonts/type1/public/cm-super/sfti1095.pfb></usr/local/texlive/2025/texmf-dist/fonts/type1/public/cm-super/sftt1095.pfb>
Output written on main.pdf (101 pages, 459735 bytes).
PDF statistics:
 1085 PDF objects out of 1200 (max. 8388607)
 945 compressed objects within 10 object streams
 322 named destinations out of 1000 (max. 500000)
 1 words of extra memory for PDF output out of 10000 (max. 10000000)

